{"/workdir/frontend/components/AuthProvider.tsx": {"path":"/workdir/frontend/components/AuthProvider.tsx","statementMap":{"0":{"start":{"line":19,"column":16},"end":{"line":19,"column":28}},"1":{"start":{"line":50,"column":13},"end":{"line":50,"column":20}},"2":{"start":{"line":3,"column":74},"end":{"line":3,"column":null}},"3":{"start":{"line":4,"column":39},"end":{"line":4,"column":null}},"4":{"start":{"line":5,"column":44},"end":{"line":5,"column":null}},"5":{"start":{"line":13,"column":20},"end":{"line":17,"column":null}},"6":{"start":{"line":20,"column":48},"end":{"line":20,"column":null}},"7":{"start":{"line":21,"column":32},"end":{"line":21,"column":null}},"8":{"start":{"line":22,"column":17},"end":{"line":22,"column":null}},"9":{"start":{"line":23,"column":19},"end":{"line":23,"column":null}},"10":{"start":{"line":25,"column":2},"end":{"line":35,"column":null}},"11":{"start":{"line":27,"column":18},"end":{"line":27,"column":null}},"12":{"start":{"line":28,"column":4},"end":{"line":28,"column":null}},"13":{"start":{"line":29,"column":4},"end":{"line":29,"column":null}},"14":{"start":{"line":32,"column":4},"end":{"line":34,"column":null}},"15":{"start":{"line":33,"column":6},"end":{"line":33,"column":null}},"16":{"start":{"line":37,"column":17},"end":{"line":41,"column":null}},"17":{"start":{"line":38,"column":4},"end":{"line":38,"column":null}},"18":{"start":{"line":39,"column":4},"end":{"line":39,"column":null}},"19":{"start":{"line":40,"column":4},"end":{"line":40,"column":null}},"20":{"start":{"line":50,"column":23},"end":{"line":50,"column":null}},"21":{"start":{"line":50,"column":29},"end":{"line":50,"column":null}}},"fnMap":{"0":{"name":"(anonymous_3)","decl":{"start":{"line":16,"column":10},"end":{"line":16,"column":17}},"loc":{"start":{"line":16,"column":10},"end":{"line":16,"column":null}}},"1":{"name":"AuthProvider","decl":{"start":{"line":19,"column":16},"end":{"line":19,"column":28}},"loc":{"start":{"line":19,"column":66},"end":{"line":48,"column":null}}},"2":{"name":"(anonymous_5)","decl":{"start":{"line":25,"column":12},"end":{"line":25,"column":null}},"loc":{"start":{"line":25,"column":12},"end":{"line":35,"column":5}}},"3":{"name":"(anonymous_6)","decl":{"start":{"line":37,"column":17},"end":{"line":37,"column":null}},"loc":{"start":{"line":37,"column":17},"end":{"line":41,"column":null}}},"4":{"name":"(anonymous_7)","decl":{"start":{"line":50,"column":23},"end":{"line":50,"column":29}},"loc":{"start":{"line":50,"column":29},"end":{"line":50,"column":null}}}},"branchMap":{"0":{"loc":{"start":{"line":32,"column":4},"end":{"line":34,"column":null}},"type":"if","locations":[{"start":{"line":32,"column":4},"end":{"line":34,"column":null}}]},"1":{"loc":{"start":{"line":32,"column":8},"end":{"line":32,"column":40}},"type":"binary-expr","locations":[{"start":{"line":32,"column":8},"end":{"line":32,"column":17}},{"start":{"line":32,"column":17},"end":{"line":32,"column":40}}]}},"s":{"0":7,"1":15,"2":1,"3":1,"4":1,"5":1,"6":15,"7":15,"8":15,"9":15,"10":15,"11":7,"12":7,"13":7,"14":7,"15":1,"16":15,"17":1,"18":1,"19":1,"20":1,"21":15},"f":{"0":0,"1":15,"2":7,"3":1,"4":15},"b":{"0":[1],"1":[7,6]}}
,"/workdir/frontend/components/CategoryList.tsx": {"path":"/workdir/frontend/components/CategoryList.tsx","statementMap":{"0":{"start":{"line":11,"column":24},"end":{"line":11,"column":37}},"1":{"start":{"line":3,"column":44},"end":{"line":3,"column":null}},"2":{"start":{"line":12,"column":38},"end":{"line":12,"column":null}},"3":{"start":{"line":13,"column":32},"end":{"line":13,"column":null}},"4":{"start":{"line":14,"column":38},"end":{"line":14,"column":null}},"5":{"start":{"line":15,"column":46},"end":{"line":15,"column":null}},"6":{"start":{"line":16,"column":22},"end":{"line":16,"column":null}},"7":{"start":{"line":18,"column":2},"end":{"line":38,"column":null}},"8":{"start":{"line":20,"column":28},"end":{"line":35,"column":null}},"9":{"start":{"line":21,"column":6},"end":{"line":34,"column":null}},"10":{"start":{"line":22,"column":25},"end":{"line":22,"column":null}},"11":{"start":{"line":23,"column":21},"end":{"line":23,"column":null}},"12":{"start":{"line":24,"column":8},"end":{"line":24,"column":null}},"13":{"start":{"line":27,"column":22},"end":{"line":27,"column":null}},"14":{"start":{"line":27,"column":71},"end":{"line":27,"column":97}},"15":{"start":{"line":28,"column":8},"end":{"line":28,"column":null}},"16":{"start":{"line":30,"column":8},"end":{"line":30,"column":null}},"17":{"start":{"line":32,"column":8},"end":{"line":32,"column":null}},"18":{"start":{"line":33,"column":8},"end":{"line":33,"column":null}},"19":{"start":{"line":37,"column":4},"end":{"line":37,"column":null}},"20":{"start":{"line":41,"column":2},"end":{"line":52,"column":null}},"21":{"start":{"line":43,"column":6},"end":{"line":45,"column":null}},"22":{"start":{"line":44,"column":8},"end":{"line":44,"column":null}},"23":{"start":{"line":48,"column":4},"end":{"line":48,"column":null}},"24":{"start":{"line":49,"column":4},"end":{"line":51,"column":null}},"25":{"start":{"line":50,"column":6},"end":{"line":50,"column":null}},"26":{"start":{"line":54,"column":30},"end":{"line":64,"column":null}},"27":{"start":{"line":56,"column":4},"end":{"line":60,"column":null}},"28":{"start":{"line":57,"column":6},"end":{"line":57,"column":null}},"29":{"start":{"line":59,"column":6},"end":{"line":59,"column":null}},"30":{"start":{"line":63,"column":4},"end":{"line":63,"column":null}},"31":{"start":{"line":66,"column":32},"end":{"line":70,"column":null}},"32":{"start":{"line":67,"column":4},"end":{"line":67,"column":null}},"33":{"start":{"line":67,"column":33},"end":{"line":67,"column":null}},"34":{"start":{"line":68,"column":29},"end":{"line":68,"column":null}},"35":{"start":{"line":68,"column":52},"end":{"line":68,"column":null}},"36":{"start":{"line":69,"column":4},"end":{"line":69,"column":null}},"37":{"start":{"line":72,"column":25},"end":{"line":74,"column":null}},"38":{"start":{"line":73,"column":4},"end":{"line":73,"column":null}},"39":{"start":{"line":83,"column":23},"end":{"line":83,"column":null}},"40":{"start":{"line":95,"column":8},"end":{"line":96,"column":null}},"41":{"start":{"line":103,"column":25},"end":{"line":103,"column":null}}},"fnMap":{"0":{"name":"CategoryList","decl":{"start":{"line":11,"column":24},"end":{"line":11,"column":37}},"loc":{"start":{"line":11,"column":92},"end":{"line":166,"column":null}}},"1":{"name":"(anonymous_2)","decl":{"start":{"line":18,"column":12},"end":{"line":18,"column":null}},"loc":{"start":{"line":18,"column":12},"end":{"line":38,"column":5}}},"2":{"name":"(anonymous_3)","decl":{"start":{"line":20,"column":28},"end":{"line":20,"column":null}},"loc":{"start":{"line":20,"column":28},"end":{"line":35,"column":null}}},"3":{"name":"(anonymous_4)","decl":{"start":{"line":27,"column":34},"end":{"line":27,"column":35}},"loc":{"start":{"line":27,"column":71},"end":{"line":27,"column":97}}},"4":{"name":"(anonymous_5)","decl":{"start":{"line":41,"column":12},"end":{"line":41,"column":null}},"loc":{"start":{"line":41,"column":12},"end":{"line":52,"column":5}}},"5":{"name":"handleClickOutside","decl":{"start":{"line":42,"column":13},"end":{"line":42,"column":32}},"loc":{"start":{"line":42,"column":49},"end":{"line":46,"column":null}}},"6":{"name":"(anonymous_7)","decl":{"start":{"line":49,"column":11},"end":{"line":49,"column":null}},"loc":{"start":{"line":49,"column":11},"end":{"line":51,"column":null}}},"7":{"name":"(anonymous_8)","decl":{"start":{"line":54,"column":30},"end":{"line":54,"column":31}},"loc":{"start":{"line":54,"column":51},"end":{"line":64,"column":null}}},"8":{"name":"(anonymous_9)","decl":{"start":{"line":66,"column":32},"end":{"line":66,"column":null}},"loc":{"start":{"line":66,"column":32},"end":{"line":70,"column":null}}},"9":{"name":"(anonymous_10)","decl":{"start":{"line":68,"column":45},"end":{"line":68,"column":52}},"loc":{"start":{"line":68,"column":52},"end":{"line":68,"column":null}}},"10":{"name":"(anonymous_11)","decl":{"start":{"line":72,"column":25},"end":{"line":72,"column":null}},"loc":{"start":{"line":72,"column":25},"end":{"line":74,"column":null}}},"11":{"name":"(anonymous_13)","decl":{"start":{"line":83,"column":17},"end":{"line":83,"column":23}},"loc":{"start":{"line":83,"column":23},"end":{"line":83,"column":null}}},"12":{"name":"(anonymous_14)","decl":{"start":{"line":94,"column":22},"end":{"line":94,"column":23}},"loc":{"start":{"line":95,"column":8},"end":{"line":96,"column":null}}},"13":{"name":"(anonymous_15)","decl":{"start":{"line":103,"column":19},"end":{"line":103,"column":25}},"loc":{"start":{"line":103,"column":25},"end":{"line":103,"column":null}}}},"branchMap":{"0":{"loc":{"start":{"line":43,"column":6},"end":{"line":45,"column":null}},"type":"if","locations":[{"start":{"line":43,"column":6},"end":{"line":45,"column":null}}]},"1":{"loc":{"start":{"line":43,"column":10},"end":{"line":43,"column":86}},"type":"binary-expr","locations":[{"start":{"line":43,"column":10},"end":{"line":43,"column":29}},{"start":{"line":43,"column":33},"end":{"line":43,"column":86}}]},"2":{"loc":{"start":{"line":56,"column":4},"end":{"line":60,"column":null}},"type":"if","locations":[{"start":{"line":56,"column":4},"end":{"line":60,"column":null}},{"start":{"line":58,"column":11},"end":{"line":60,"column":null}}]},"3":{"loc":{"start":{"line":67,"column":4},"end":{"line":67,"column":null}},"type":"if","locations":[{"start":{"line":67,"column":4},"end":{"line":67,"column":null}}]},"4":{"loc":{"start":{"line":69,"column":11},"end":{"line":69,"column":null}},"type":"cond-expr","locations":[{"start":{"line":69,"column":30},"end":{"line":69,"column":51}},{"start":{"line":69,"column":54},"end":{"line":69,"column":null}}]},"5":{"loc":{"start":{"line":81,"column":10},"end":{"line":81,"column":null}},"type":"cond-expr","locations":[{"start":{"line":81,"column":36},"end":{"line":81,"column":50}},{"start":{"line":81,"column":50},"end":{"line":81,"column":null}}]},"6":{"loc":{"start":{"line":101,"column":12},"end":{"line":101,"column":null}},"type":"cond-expr","locations":[{"start":{"line":101,"column":45},"end":{"line":101,"column":59}},{"start":{"line":101,"column":59},"end":{"line":101,"column":null}}]},"7":{"loc":{"start":{"line":126,"column":9},"end":{"line":129,"column":null}},"type":"cond-expr","locations":[{"start":{"line":127,"column":10},"end":{"line":129,"column":null}},{"start":{"line":129,"column":10},"end":{"line":129,"column":null}}]},"8":{"loc":{"start":{"line":141,"column":12},"end":{"line":145,"column":13}},"type":"cond-expr","locations":[{"start":{"line":141,"column":12},"end":{"line":145,"column":13}}]},"9":{"loc":{"start":{"line":152,"column":9},"end":{"line":152,"column":27}},"type":"binary-expr","locations":[{"start":{"line":152,"column":9},"end":{"line":152,"column":27}},{"start":{"line":152,"column":27},"end":{"line":152,"column":null}}]},"10":{"loc":{"start":{"line":158,"column":9},"end":{"line":158,"column":20}},"type":"binary-expr","locations":[{"start":{"line":158,"column":9},"end":{"line":158,"column":20}},{"start":{"line":158,"column":20},"end":{"line":158,"column":null}}]}},"s":{"0":5,"1":1,"2":11,"3":11,"4":11,"5":11,"6":11,"7":11,"8":5,"9":5,"10":5,"11":4,"12":4,"13":4,"14":12,"15":4,"16":4,"17":1,"18":1,"19":5,"20":11,"21":0,"22":0,"23":5,"24":5,"25":5,"26":11,"27":1,"28":0,"29":1,"30":1,"31":11,"32":11,"33":9,"34":2,"35":2,"36":2,"37":11,"38":0,"39":0,"40":15,"41":1},"f":{"0":11,"1":5,"2":5,"3":12,"4":5,"5":0,"6":5,"7":1,"8":11,"9":2,"10":0,"11":0,"12":15,"13":1},"b":{"0":[0],"1":[0,0],"2":[0,1],"3":[9],"4":[1,1],"5":[5,1],"6":[1,14],"7":[5,6],"8":[0],"9":[11,0],"10":[11,5]}}
,"/workdir/frontend/components/CustomCategorySelect.tsx": {"path":"/workdir/frontend/components/CustomCategorySelect.tsx","statementMap":{"0":{"start":{"line":12,"column":24},"end":{"line":12,"column":45}},"1":{"start":{"line":3,"column":44},"end":{"line":3,"column":null}},"2":{"start":{"line":13,"column":30},"end":{"line":13,"column":null}},"3":{"start":{"line":14,"column":22},"end":{"line":14,"column":null}},"4":{"start":{"line":16,"column":27},"end":{"line":16,"column":85}},"5":{"start":{"line":16,"column":48},"end":{"line":16,"column":72}},"6":{"start":{"line":19,"column":2},"end":{"line":28,"column":null}},"7":{"start":{"line":21,"column":6},"end":{"line":23,"column":null}},"8":{"start":{"line":22,"column":8},"end":{"line":22,"column":null}},"9":{"start":{"line":26,"column":4},"end":{"line":26,"column":null}},"10":{"start":{"line":27,"column":4},"end":{"line":27,"column":null}},"11":{"start":{"line":27,"column":17},"end":{"line":27,"column":null}},"12":{"start":{"line":36,"column":25},"end":{"line":36,"column":null}},"13":{"start":{"line":40,"column":10},"end":{"line":40,"column":36}},"14":{"start":{"line":49,"column":23},"end":{"line":49,"column":null}},"15":{"start":{"line":73,"column":12},"end":{"line":74,"column":null}},"16":{"start":{"line":79,"column":16},"end":{"line":79,"column":null}},"17":{"start":{"line":80,"column":16},"end":{"line":80,"column":null}}},"fnMap":{"0":{"name":"CustomCategorySelect","decl":{"start":{"line":12,"column":24},"end":{"line":12,"column":45}},"loc":{"start":{"line":12,"column":108},"end":{"line":96,"column":null}}},"1":{"name":"(anonymous_2)","decl":{"start":{"line":16,"column":43},"end":{"line":16,"column":48}},"loc":{"start":{"line":16,"column":48},"end":{"line":16,"column":72}}},"2":{"name":"(anonymous_3)","decl":{"start":{"line":19,"column":12},"end":{"line":19,"column":null}},"loc":{"start":{"line":19,"column":12},"end":{"line":28,"column":5}}},"3":{"name":"handleClickOutside","decl":{"start":{"line":20,"column":13},"end":{"line":20,"column":32}},"loc":{"start":{"line":20,"column":49},"end":{"line":24,"column":null}}},"4":{"name":"(anonymous_5)","decl":{"start":{"line":27,"column":11},"end":{"line":27,"column":17}},"loc":{"start":{"line":27,"column":17},"end":{"line":27,"column":null}}},"5":{"name":"(anonymous_6)","decl":{"start":{"line":36,"column":18},"end":{"line":36,"column":19}},"loc":{"start":{"line":36,"column":25},"end":{"line":36,"column":null}}},"6":{"name":"(anonymous_7)","decl":{"start":{"line":39,"column":24},"end":{"line":39,"column":25}},"loc":{"start":{"line":40,"column":10},"end":{"line":40,"column":36}}},"7":{"name":"(anonymous_8)","decl":{"start":{"line":49,"column":17},"end":{"line":49,"column":23}},"loc":{"start":{"line":49,"column":23},"end":{"line":49,"column":null}}},"8":{"name":"(anonymous_9)","decl":{"start":{"line":72,"column":26},"end":{"line":72,"column":27}},"loc":{"start":{"line":73,"column":12},"end":{"line":74,"column":null}}},"9":{"name":"(anonymous_10)","decl":{"start":{"line":78,"column":23},"end":{"line":78,"column":null}},"loc":{"start":{"line":78,"column":23},"end":{"line":81,"column":null}}}},"branchMap":{"0":{"loc":{"start":{"line":16,"column":27},"end":{"line":16,"column":85}},"type":"binary-expr","locations":[{"start":{"line":16,"column":27},"end":{"line":16,"column":72}},{"start":{"line":16,"column":72},"end":{"line":16,"column":85}}]},"1":{"loc":{"start":{"line":21,"column":6},"end":{"line":23,"column":null}},"type":"if","locations":[{"start":{"line":21,"column":6},"end":{"line":23,"column":null}}]},"2":{"loc":{"start":{"line":21,"column":10},"end":{"line":21,"column":86}},"type":"binary-expr","locations":[{"start":{"line":21,"column":10},"end":{"line":21,"column":29}},{"start":{"line":21,"column":33},"end":{"line":21,"column":86}}]},"3":{"loc":{"start":{"line":35,"column":15},"end":{"line":35,"column":null}},"type":"binary-expr","locations":[{"start":{"line":35,"column":15},"end":{"line":35,"column":29}},{"start":{"line":35,"column":29},"end":{"line":35,"column":null}}]},"4":{"loc":{"start":{"line":51,"column":15},"end":{"line":51,"column":null}},"type":"binary-expr","locations":[{"start":{"line":51,"column":15},"end":{"line":51,"column":41}},{"start":{"line":51,"column":41},"end":{"line":51,"column":null}}]},"5":{"loc":{"start":{"line":65,"column":36},"end":{"line":65,"column":74}},"type":"binary-expr","locations":[{"start":{"line":65,"column":36},"end":{"line":65,"column":64}},{"start":{"line":65,"column":64},"end":{"line":65,"column":74}}]},"6":{"loc":{"start":{"line":70,"column":7},"end":{"line":70,"column":null}},"type":"binary-expr","locations":[{"start":{"line":70,"column":7},"end":{"line":70,"column":null}}]},"7":{"loc":{"start":{"line":76,"column":16},"end":{"line":76,"column":null}},"type":"cond-expr","locations":[{"start":{"line":76,"column":45},"end":{"line":76,"column":72}},{"start":{"line":76,"column":72},"end":{"line":76,"column":null}}]}},"s":{"0":8,"1":1,"2":15,"3":15,"4":15,"5":18,"6":15,"7":1,"8":1,"9":8,"10":8,"11":8,"12":0,"13":42,"14":4,"15":12,"16":2,"17":2},"f":{"0":15,"1":18,"2":8,"3":1,"4":8,"5":0,"6":42,"7":4,"8":12,"9":2},"b":{"0":[15,2],"1":[1],"2":[1,1],"3":[15,2],"4":[15,1],"5":[15,1],"6":[15],"7":[4,8]}}
,"/workdir/frontend/components/EmptyState.tsx": {"path":"/workdir/frontend/components/EmptyState.tsx","statementMap":{"0":{"start":{"line":3,"column":24},"end":{"line":3,"column":null}},"1":{"start":{"line":1,"column":18},"end":{"line":1,"column":null}}},"fnMap":{"0":{"name":"EmptyState","decl":{"start":{"line":3,"column":24},"end":{"line":3,"column":null}},"loc":{"start":{"line":3,"column":24},"end":{"line":20,"column":null}}}},"branchMap":{},"s":{"0":2,"1":1},"f":{"0":2},"b":{}}
,"/workdir/frontend/components/NoteList.tsx": {"path":"/workdir/frontend/components/NoteList.tsx","statementMap":{"0":{"start":{"line":73,"column":24},"end":{"line":73,"column":33}},"1":{"start":{"line":3,"column":36},"end":{"line":3,"column":null}},"2":{"start":{"line":5,"column":23},"end":{"line":5,"column":null}},"3":{"start":{"line":6,"column":26},"end":{"line":6,"column":null}},"4":{"start":{"line":13,"column":17},"end":{"line":13,"column":null}},"5":{"start":{"line":15,"column":26},"end":{"line":17,"column":null}},"6":{"start":{"line":16,"column":4},"end":{"line":16,"column":null}},"7":{"start":{"line":20,"column":27},"end":{"line":23,"column":null}},"8":{"start":{"line":21,"column":4},"end":{"line":21,"column":null}},"9":{"start":{"line":21,"column":49},"end":{"line":21,"column":null}},"10":{"start":{"line":22,"column":4},"end":{"line":22,"column":null}},"11":{"start":{"line":26,"column":21},"end":{"line":40,"column":null}},"12":{"start":{"line":27,"column":17},"end":{"line":27,"column":null}},"13":{"start":{"line":28,"column":18},"end":{"line":28,"column":null}},"14":{"start":{"line":29,"column":22},"end":{"line":29,"column":null}},"15":{"start":{"line":30,"column":4},"end":{"line":30,"column":null}},"16":{"start":{"line":32,"column":4},"end":{"line":39,"column":null}},"17":{"start":{"line":33,"column":6},"end":{"line":33,"column":null}},"18":{"start":{"line":34,"column":11},"end":{"line":39,"column":null}},"19":{"start":{"line":35,"column":6},"end":{"line":35,"column":null}},"20":{"start":{"line":38,"column":6},"end":{"line":38,"column":null}},"21":{"start":{"line":74,"column":28},"end":{"line":74,"column":null}},"22":{"start":{"line":75,"column":32},"end":{"line":75,"column":null}},"23":{"start":{"line":77,"column":2},"end":{"line":92,"column":null}},"24":{"start":{"line":78,"column":23},"end":{"line":89,"column":null}},"25":{"start":{"line":79,"column":6},"end":{"line":88,"column":null}},"26":{"start":{"line":80,"column":25},"end":{"line":80,"column":null}},"27":{"start":{"line":81,"column":21},"end":{"line":81,"column":null}},"28":{"start":{"line":83,"column":8},"end":{"line":83,"column":null}},"29":{"start":{"line":84,"column":8},"end":{"line":84,"column":null}},"30":{"start":{"line":86,"column":8},"end":{"line":86,"column":null}},"31":{"start":{"line":87,"column":8},"end":{"line":87,"column":null}},"32":{"start":{"line":91,"column":4},"end":{"line":91,"column":null}},"33":{"start":{"line":94,"column":2},"end":{"line":96,"column":null}},"34":{"start":{"line":99,"column":24},"end":{"line":101,"column":null}},"35":{"start":{"line":100,"column":27},"end":{"line":100,"column":null}},"36":{"start":{"line":103,"column":2},"end":{"line":105,"column":null}},"37":{"start":{"line":104,"column":4},"end":{"line":104,"column":null}},"38":{"start":{"line":111,"column":8},"end":{"line":111,"column":27}}},"fnMap":{"0":{"name":"NoteCard","decl":{"start":{"line":12,"column":9},"end":{"line":12,"column":18}},"loc":{"start":{"line":12,"column":41},"end":{"line":67,"column":null}}},"1":{"name":"(anonymous_3)","decl":{"start":{"line":15,"column":26},"end":{"line":15,"column":null}},"loc":{"start":{"line":15,"column":26},"end":{"line":17,"column":null}}},"2":{"name":"(anonymous_4)","decl":{"start":{"line":20,"column":27},"end":{"line":20,"column":null}},"loc":{"start":{"line":20,"column":27},"end":{"line":23,"column":null}}},"3":{"name":"(anonymous_5)","decl":{"start":{"line":26,"column":21},"end":{"line":26,"column":22}},"loc":{"start":{"line":26,"column":22},"end":{"line":40,"column":null}}},"4":{"name":"NoteList","decl":{"start":{"line":73,"column":24},"end":{"line":73,"column":33}},"loc":{"start":{"line":73,"column":66},"end":{"line":118,"column":null}}},"5":{"name":"(anonymous_7)","decl":{"start":{"line":77,"column":12},"end":{"line":77,"column":null}},"loc":{"start":{"line":77,"column":12},"end":{"line":92,"column":5}}},"6":{"name":"(anonymous_8)","decl":{"start":{"line":78,"column":23},"end":{"line":78,"column":null}},"loc":{"start":{"line":78,"column":23},"end":{"line":89,"column":null}}},"7":{"name":"(anonymous_9)","decl":{"start":{"line":100,"column":19},"end":{"line":100,"column":27}},"loc":{"start":{"line":100,"column":27},"end":{"line":100,"column":null}}},"8":{"name":"(anonymous_10)","decl":{"start":{"line":110,"column":27},"end":{"line":110,"column":28}},"loc":{"start":{"line":111,"column":8},"end":{"line":111,"column":27}}}},"branchMap":{"0":{"loc":{"start":{"line":21,"column":4},"end":{"line":21,"column":null}},"type":"if","locations":[{"start":{"line":21,"column":4},"end":{"line":21,"column":null}}]},"1":{"loc":{"start":{"line":21,"column":8},"end":{"line":21,"column":47}},"type":"binary-expr","locations":[{"start":{"line":21,"column":8},"end":{"line":21,"column":22}},{"start":{"line":21,"column":26},"end":{"line":21,"column":47}}]},"2":{"loc":{"start":{"line":32,"column":4},"end":{"line":39,"column":null}},"type":"if","locations":[{"start":{"line":32,"column":4},"end":{"line":39,"column":null}},{"start":{"line":34,"column":11},"end":{"line":39,"column":null}}]},"3":{"loc":{"start":{"line":34,"column":11},"end":{"line":39,"column":null}},"type":"if","locations":[{"start":{"line":34,"column":11},"end":{"line":39,"column":null}},{"start":{"line":36,"column":11},"end":{"line":39,"column":null}}]},"4":{"loc":{"start":{"line":58,"column":11},"end":{"line":58,"column":24}},"type":"binary-expr","locations":[{"start":{"line":58,"column":11},"end":{"line":58,"column":24}}]},"5":{"loc":{"start":{"line":83,"column":17},"end":{"line":83,"column":null}},"type":"binary-expr","locations":[{"start":{"line":83,"column":17},"end":{"line":83,"column":29}},{"start":{"line":83,"column":33},"end":{"line":83,"column":null}}]},"6":{"loc":{"start":{"line":94,"column":2},"end":{"line":96,"column":null}},"type":"if","locations":[{"start":{"line":94,"column":2},"end":{"line":96,"column":null}}]},"7":{"loc":{"start":{"line":99,"column":24},"end":{"line":101,"column":null}},"type":"cond-expr","locations":[{"start":{"line":100,"column":6},"end":{"line":100,"column":null}},{"start":{"line":101,"column":6},"end":{"line":101,"column":null}}]},"8":{"loc":{"start":{"line":103,"column":2},"end":{"line":105,"column":null}},"type":"if","locations":[{"start":{"line":103,"column":2},"end":{"line":105,"column":null}}]}},"s":{"0":7,"1":1,"2":1,"3":1,"4":7,"5":7,"6":1,"7":7,"8":21,"9":0,"10":21,"11":7,"12":7,"13":7,"14":7,"15":7,"16":7,"17":4,"18":3,"19":3,"20":0,"21":13,"22":13,"23":13,"24":7,"25":7,"26":7,"27":5,"28":5,"29":5,"30":1,"31":1,"32":7,"33":13,"34":6,"35":2,"36":6,"37":2,"38":7},"f":{"0":7,"1":1,"2":21,"3":7,"4":13,"5":7,"6":7,"7":2,"8":7},"b":{"0":[0],"1":[21,21],"2":[4,3],"3":[3,0],"4":[7],"5":[5,5],"6":[7],"7":[2,4],"8":[2]}}
,"/workdir/frontend/lib/auth.ts": {"path":"/workdir/frontend/lib/auth.ts","statementMap":{"0":{"start":{"line":39,"column":15},"end":{"line":39,"column":26}},"1":{"start":{"line":15,"column":15},"end":{"line":15,"column":29}},"2":{"start":{"line":23,"column":15},"end":{"line":23,"column":30}},"3":{"start":{"line":31,"column":15},"end":{"line":31,"column":30}},"4":{"start":{"line":1,"column":13},"end":{"line":1,"column":23}},"5":{"start":{"line":1,"column":26},"end":{"line":12,"column":null}},"6":{"start":{"line":2,"column":4},"end":{"line":11,"column":null}},"7":{"start":{"line":3,"column":6},"end":{"line":3,"column":null}},"8":{"start":{"line":4,"column":6},"end":{"line":4,"column":null}},"9":{"start":{"line":7,"column":6},"end":{"line":7,"column":null}},"10":{"start":{"line":10,"column":6},"end":{"line":10,"column":null}},"11":{"start":{"line":15,"column":32},"end":{"line":20,"column":null}},"12":{"start":{"line":16,"column":4},"end":{"line":18,"column":null}},"13":{"start":{"line":17,"column":6},"end":{"line":17,"column":null}},"14":{"start":{"line":19,"column":4},"end":{"line":19,"column":null}},"15":{"start":{"line":23,"column":33},"end":{"line":28,"column":null}},"16":{"start":{"line":24,"column":4},"end":{"line":26,"column":null}},"17":{"start":{"line":25,"column":6},"end":{"line":25,"column":null}},"18":{"start":{"line":27,"column":4},"end":{"line":27,"column":null}},"19":{"start":{"line":31,"column":33},"end":{"line":36,"column":null}},"20":{"start":{"line":32,"column":4},"end":{"line":34,"column":null}},"21":{"start":{"line":33,"column":6},"end":{"line":33,"column":null}},"22":{"start":{"line":35,"column":4},"end":{"line":35,"column":null}},"23":{"start":{"line":39,"column":29},"end":{"line":47,"column":null}},"24":{"start":{"line":40,"column":4},"end":{"line":46,"column":null}},"25":{"start":{"line":41,"column":6},"end":{"line":41,"column":null}},"26":{"start":{"line":42,"column":6},"end":{"line":42,"column":null}},"27":{"start":{"line":45,"column":6},"end":{"line":45,"column":null}}},"fnMap":{"0":{"name":"(anonymous_6)","decl":{"start":{"line":1,"column":26},"end":{"line":1,"column":27}},"loc":{"start":{"line":1,"column":43},"end":{"line":12,"column":null}}},"1":{"name":"(anonymous_7)","decl":{"start":{"line":15,"column":32},"end":{"line":15,"column":null}},"loc":{"start":{"line":15,"column":32},"end":{"line":20,"column":null}}},"2":{"name":"(anonymous_8)","decl":{"start":{"line":23,"column":33},"end":{"line":23,"column":null}},"loc":{"start":{"line":23,"column":33},"end":{"line":28,"column":null}}},"3":{"name":"(anonymous_9)","decl":{"start":{"line":31,"column":33},"end":{"line":31,"column":null}},"loc":{"start":{"line":31,"column":33},"end":{"line":36,"column":null}}},"4":{"name":"(anonymous_10)","decl":{"start":{"line":39,"column":29},"end":{"line":39,"column":null}},"loc":{"start":{"line":39,"column":29},"end":{"line":47,"column":null}}}},"branchMap":{"0":{"loc":{"start":{"line":2,"column":4},"end":{"line":11,"column":null}},"type":"if","locations":[{"start":{"line":2,"column":4},"end":{"line":11,"column":null}}]},"1":{"loc":{"start":{"line":16,"column":4},"end":{"line":18,"column":null}},"type":"if","locations":[{"start":{"line":16,"column":4},"end":{"line":18,"column":null}}]},"2":{"loc":{"start":{"line":24,"column":4},"end":{"line":26,"column":null}},"type":"if","locations":[{"start":{"line":24,"column":4},"end":{"line":26,"column":null}}]},"3":{"loc":{"start":{"line":32,"column":4},"end":{"line":34,"column":null}},"type":"if","locations":[{"start":{"line":32,"column":4},"end":{"line":34,"column":null}}]},"4":{"loc":{"start":{"line":40,"column":4},"end":{"line":46,"column":null}},"type":"if","locations":[{"start":{"line":40,"column":4},"end":{"line":46,"column":null}}]}},"s":{"0":1,"1":1,"2":1,"3":0,"4":1,"5":1,"6":1,"7":1,"8":1,"9":1,"10":1,"11":1,"12":1,"13":1,"14":0,"15":1,"16":1,"17":1,"18":0,"19":1,"20":0,"21":0,"22":0,"23":1,"24":1,"25":1,"26":1,"27":1},"f":{"0":1,"1":1,"2":1,"3":0,"4":1},"b":{"0":[1],"1":[1],"2":[1],"3":[0],"4":[1]}}
}
