TN:
SF:components/AuthProvider.tsx
FN:16,(anonymous_3)
FN:19,AuthProvider
FN:25,(anonymous_5)
FN:37,(anonymous_6)
FN:50,(anonymous_7)
FNF:5
FNH:4
FNDA:0,(anonymous_3)
FNDA:15,AuthProvider
FNDA:7,(anonymous_5)
FNDA:1,(anonymous_6)
FNDA:15,(anonymous_7)
DA:3,1
DA:4,1
DA:5,1
DA:13,1
DA:19,7
DA:20,15
DA:21,15
DA:22,15
DA:23,15
DA:25,15
DA:27,7
DA:28,7
DA:29,7
DA:32,7
DA:33,1
DA:37,15
DA:38,1
DA:39,1
DA:40,1
DA:50,15
LF:20
LH:20
BRDA:32,0,0,1
BRDA:32,1,0,7
BRDA:32,1,1,6
BRF:3
BRH:3
end_of_record
TN:
SF:components/CategoryList.tsx
FN:11,CategoryList
FN:18,(anonymous_2)
FN:20,(anonymous_3)
FN:27,(anonymous_4)
FN:41,(anonymous_5)
FN:42,handleClickOutside
FN:49,(anonymous_7)
FN:54,(anonymous_8)
FN:66,(anonymous_9)
FN:68,(anonymous_10)
FN:72,(anonymous_11)
FN:83,(anonymous_13)
FN:94,(anonymous_14)
FN:103,(anonymous_15)
FNF:14
FNH:11
FNDA:11,CategoryList
FNDA:5,(anonymous_2)
FNDA:5,(anonymous_3)
FNDA:12,(anonymous_4)
FNDA:5,(anonymous_5)
FNDA:0,handleClickOutside
FNDA:5,(anonymous_7)
FNDA:1,(anonymous_8)
FNDA:11,(anonymous_9)
FNDA:2,(anonymous_10)
FNDA:0,(anonymous_11)
FNDA:0,(anonymous_13)
FNDA:15,(anonymous_14)
FNDA:1,(anonymous_15)
DA:3,1
DA:11,5
DA:12,11
DA:13,11
DA:14,11
DA:15,11
DA:16,11
DA:18,11
DA:20,5
DA:21,5
DA:22,5
DA:23,4
DA:24,4
DA:27,12
DA:28,4
DA:30,4
DA:32,1
DA:33,1
DA:37,5
DA:41,11
DA:43,0
DA:44,0
DA:48,5
DA:49,5
DA:50,5
DA:54,11
DA:56,1
DA:57,0
DA:59,1
DA:63,1
DA:66,11
DA:67,11
DA:68,2
DA:69,2
DA:72,11
DA:73,0
DA:83,0
DA:95,15
DA:103,1
LF:39
LH:34
BRDA:43,0,0,0
BRDA:43,1,0,0
BRDA:43,1,1,0
BRDA:56,2,0,0
BRDA:56,2,1,1
BRDA:67,3,0,9
BRDA:69,4,0,1
BRDA:69,4,1,1
BRDA:81,5,0,5
BRDA:81,5,1,1
BRDA:101,6,0,1
BRDA:101,6,1,14
BRDA:126,7,0,5
BRDA:126,7,1,6
BRDA:141,8,0,0
BRDA:152,9,0,11
BRDA:152,9,1,0
BRDA:158,10,0,11
BRDA:158,10,1,5
BRF:19
BRH:13
end_of_record
TN:
SF:components/CustomCategorySelect.tsx
FN:12,CustomCategorySelect
FN:16,(anonymous_2)
FN:19,(anonymous_3)
FN:20,handleClickOutside
FN:27,(anonymous_5)
FN:36,(anonymous_6)
FN:39,(anonymous_7)
FN:49,(anonymous_8)
FN:72,(anonymous_9)
FN:78,(anonymous_10)
FNF:10
FNH:9
FNDA:15,CustomCategorySelect
FNDA:18,(anonymous_2)
FNDA:8,(anonymous_3)
FNDA:1,handleClickOutside
FNDA:8,(anonymous_5)
FNDA:0,(anonymous_6)
FNDA:42,(anonymous_7)
FNDA:4,(anonymous_8)
FNDA:12,(anonymous_9)
FNDA:2,(anonymous_10)
DA:3,1
DA:12,8
DA:13,15
DA:14,15
DA:16,18
DA:19,15
DA:21,1
DA:22,1
DA:26,8
DA:27,8
DA:36,0
DA:40,42
DA:49,4
DA:73,12
DA:79,2
DA:80,2
LF:16
LH:15
BRDA:16,0,0,15
BRDA:16,0,1,2
BRDA:21,1,0,1
BRDA:21,2,0,1
BRDA:21,2,1,1
BRDA:35,3,0,15
BRDA:35,3,1,2
BRDA:51,4,0,15
BRDA:51,4,1,1
BRDA:65,5,0,15
BRDA:65,5,1,1
BRDA:70,6,0,15
BRDA:76,7,0,4
BRDA:76,7,1,8
BRF:14
BRH:14
end_of_record
TN:
SF:components/EmptyState.tsx
FN:3,EmptyState
FNF:1
FNH:1
FNDA:2,EmptyState
DA:1,1
DA:3,2
LF:2
LH:2
BRF:0
BRH:0
end_of_record
TN:
SF:components/NoteList.tsx
FN:12,NoteCard
FN:15,(anonymous_3)
FN:20,(anonymous_4)
FN:26,(anonymous_5)
FN:73,NoteList
FN:77,(anonymous_7)
FN:78,(anonymous_8)
FN:100,(anonymous_9)
FN:110,(anonymous_10)
FNF:9
FNH:9
FNDA:7,NoteCard
FNDA:1,(anonymous_3)
FNDA:21,(anonymous_4)
FNDA:7,(anonymous_5)
FNDA:13,NoteList
FNDA:7,(anonymous_7)
FNDA:7,(anonymous_8)
FNDA:2,(anonymous_9)
FNDA:7,(anonymous_10)
DA:3,1
DA:5,1
DA:6,1
DA:13,7
DA:15,7
DA:16,1
DA:20,7
DA:21,21
DA:22,21
DA:26,7
DA:27,7
DA:28,7
DA:29,7
DA:30,7
DA:32,7
DA:33,4
DA:34,3
DA:35,3
DA:38,0
DA:73,7
DA:74,13
DA:75,13
DA:77,13
DA:78,7
DA:79,7
DA:80,7
DA:81,5
DA:83,5
DA:84,5
DA:86,1
DA:87,1
DA:91,7
DA:94,13
DA:99,6
DA:100,2
DA:103,6
DA:104,2
DA:111,7
LF:38
LH:37
BRDA:21,0,0,0
BRDA:21,1,0,21
BRDA:21,1,1,21
BRDA:32,2,0,4
BRDA:32,2,1,3
BRDA:34,3,0,3
BRDA:34,3,1,0
BRDA:58,4,0,7
BRDA:83,5,0,5
BRDA:83,5,1,5
BRDA:94,6,0,7
BRDA:99,7,0,2
BRDA:99,7,1,4
BRDA:103,8,0,2
BRF:14
BRH:12
end_of_record
TN:
SF:lib/auth.ts
FN:1,(anonymous_6)
FN:15,(anonymous_7)
FN:23,(anonymous_8)
FN:31,(anonymous_9)
FN:39,(anonymous_10)
FNF:5
FNH:4
FNDA:1,(anonymous_6)
FNDA:1,(anonymous_7)
FNDA:1,(anonymous_8)
FNDA:0,(anonymous_9)
FNDA:1,(anonymous_10)
DA:1,1
DA:2,1
DA:3,1
DA:4,1
DA:7,1
DA:10,1
DA:15,1
DA:16,1
DA:17,1
DA:19,0
DA:23,1
DA:24,1
DA:25,1
DA:27,0
DA:31,1
DA:32,0
DA:33,0
DA:35,0
DA:39,1
DA:40,1
DA:41,1
DA:42,1
DA:45,1
LF:23
LH:18
BRDA:2,0,0,1
BRDA:16,1,0,1
BRDA:24,2,0,1
BRDA:32,3,0,0
BRDA:40,4,0,1
BRF:5
BRH:4
end_of_record
